<?xml version="1.0" encoding="UTF-8"?>
<testng-results ignored="0" total="3" passed="2" failed="1" skipped="0">
  <reporter-output>
  </reporter-output>
  <suite started-at="2023-02-21T21:44:53 IST" name="Default suite" finished-at="2023-02-21T21:45:29 IST" duration-ms="35697">
    <groups>
    </groups>
    <test started-at="2023-02-21T21:44:53 IST" name="Default test" finished-at="2023-02-21T21:45:29 IST" duration-ms="35697">
      <class name="com.automation.testcases.ValidatePlaintiffInfo">
        <test-method is-config="true" signature="reporting()[pri:0, instance:com.automation.testcases.ValidatePlaintiffInfo@6302bbb1]" started-at="2023-02-21T21:44:53 IST" name="reporting" finished-at="2023-02-21T21:44:53 IST" duration-ms="199" status="PASS">
          <reporter-output>
          </reporter-output>
        </test-method> <!-- reporting -->
        <test-method is-config="true" signature="setUp()[pri:0, instance:com.automation.testcases.ValidatePlaintiffInfo@6302bbb1]" started-at="2023-02-21T21:44:53 IST" name="setUp" finished-at="2023-02-21T21:44:59 IST" duration-ms="6595" status="PASS">
          <reporter-output>
          </reporter-output>
        </test-method> <!-- setUp -->
        <test-method signature="verifyPlaintiffFIleDate()[pri:0, instance:com.automation.testcases.ValidatePlaintiffInfo@6302bbb1]" started-at="2023-02-21T21:44:59 IST" name="verifyPlaintiffFIleDate" finished-at="2023-02-21T21:45:03 IST" duration-ms="3894" status="PASS">
          <reporter-output>
          </reporter-output>
        </test-method> <!-- verifyPlaintiffFIleDate -->
        <test-method is-config="true" signature="tearDown(org.testng.ITestResult)[pri:0, instance:com.automation.testcases.ValidatePlaintiffInfo@6302bbb1]" started-at="2023-02-21T21:45:03 IST" name="tearDown" finished-at="2023-02-21T21:45:04 IST" duration-ms="388" status="PASS">
          <params>
            <param index="0">
              <value>
                <![CDATA[[TestResult name=verifyPlaintiffFIleDate status=SUCCESS method=ValidatePlaintiffInfo.verifyPlaintiffFIleDate()[pri:0, instance:com.automation.testcases.ValidatePlaintiffInfo@6302bbb1] output={null}]]]>
              </value>
            </param>
          </params>
          <reporter-output>
          </reporter-output>
        </test-method> <!-- tearDown -->
        <test-method is-config="true" signature="setUp()[pri:0, instance:com.automation.testcases.ValidatePlaintiffInfo@6302bbb1]" started-at="2023-02-21T21:45:04 IST" name="setUp" finished-at="2023-02-21T21:45:18 IST" duration-ms="14265" status="PASS">
          <reporter-output>
          </reporter-output>
        </test-method> <!-- setUp -->
        <test-method signature="verifyPlaintiffName()[pri:0, instance:com.automation.testcases.ValidatePlaintiffInfo@6302bbb1]" started-at="2023-02-21T21:45:18 IST" name="verifyPlaintiffName" finished-at="2023-02-21T21:45:21 IST" duration-ms="2987" status="PASS">
          <reporter-output>
          </reporter-output>
        </test-method> <!-- verifyPlaintiffName -->
        <test-method is-config="true" signature="tearDown(org.testng.ITestResult)[pri:0, instance:com.automation.testcases.ValidatePlaintiffInfo@6302bbb1]" started-at="2023-02-21T21:45:21 IST" name="tearDown" finished-at="2023-02-21T21:45:21 IST" duration-ms="149" status="PASS">
          <params>
            <param index="0">
              <value>
                <![CDATA[[TestResult name=verifyPlaintiffName status=SUCCESS method=ValidatePlaintiffInfo.verifyPlaintiffName()[pri:0, instance:com.automation.testcases.ValidatePlaintiffInfo@6302bbb1] output={null}]]]>
              </value>
            </param>
          </params>
          <reporter-output>
          </reporter-output>
        </test-method> <!-- tearDown -->
        <test-method is-config="true" signature="setUp()[pri:0, instance:com.automation.testcases.ValidatePlaintiffInfo@6302bbb1]" started-at="2023-02-21T21:45:21 IST" name="setUp" finished-at="2023-02-21T21:45:26 IST" duration-ms="4522" status="PASS">
          <reporter-output>
          </reporter-output>
        </test-method> <!-- setUp -->
        <test-method signature="verifyPlaintiffStateOfFiling()[pri:0, instance:com.automation.testcases.ValidatePlaintiffInfo@6302bbb1]" started-at="2023-02-21T21:45:26 IST" name="verifyPlaintiffStateOfFiling" finished-at="2023-02-21T21:45:28 IST" duration-ms="2553" status="FAIL">
          <exception class="java.lang.AssertionError">
            <message>
              <![CDATA[expected [Vintage York] but found [New York]]]>
            </message>
            <full-stacktrace>
              <![CDATA[java.lang.AssertionError: expected [Vintage York] but found [New York]
at org.testng.Assert.fail(Assert.java:110)
at org.testng.Assert.failNotEquals(Assert.java:1577)
at org.testng.Assert.assertEqualsImpl(Assert.java:149)
at org.testng.Assert.assertEquals(Assert.java:131)
at org.testng.Assert.assertEquals(Assert.java:655)
at org.testng.Assert.assertEquals(Assert.java:665)
at com.automation.testcases.ValidatePlaintiffInfo.verifyPlaintiffStateOfFiling(ValidatePlaintiffInfo.java:49)
at java.base/jdk.internal.reflect.NativeMethodAccessorImpl.invoke0(Native Method)
at java.base/jdk.internal.reflect.NativeMethodAccessorImpl.invoke(NativeMethodAccessorImpl.java:77)
at java.base/jdk.internal.reflect.DelegatingMethodAccessorImpl.invoke(DelegatingMethodAccessorImpl.java:43)
at java.base/java.lang.reflect.Method.invoke(Method.java:568)
at org.testng.internal.invokers.MethodInvocationHelper.invokeMethod(MethodInvocationHelper.java:139)
at org.testng.internal.invokers.TestInvoker.invokeMethod(TestInvoker.java:677)
at org.testng.internal.invokers.TestInvoker.invokeTestMethod(TestInvoker.java:221)
at org.testng.internal.invokers.MethodRunner.runInSequence(MethodRunner.java:50)
at org.testng.internal.invokers.TestInvoker$MethodInvocationAgent.invoke(TestInvoker.java:969)
at org.testng.internal.invokers.TestInvoker.invokeTestMethods(TestInvoker.java:194)
at org.testng.internal.invokers.TestMethodWorker.invokeTestMethods(TestMethodWorker.java:148)
at org.testng.internal.invokers.TestMethodWorker.run(TestMethodWorker.java:128)
at java.base/java.util.ArrayList.forEach(ArrayList.java:1511)
at org.testng.TestRunner.privateRun(TestRunner.java:829)
at org.testng.TestRunner.run(TestRunner.java:602)
at org.testng.SuiteRunner.runTest(SuiteRunner.java:437)
at org.testng.SuiteRunner.runSequentially(SuiteRunner.java:431)
at org.testng.SuiteRunner.privateRun(SuiteRunner.java:391)
at org.testng.SuiteRunner.run(SuiteRunner.java:330)
at org.testng.SuiteRunnerWorker.runSuite(SuiteRunnerWorker.java:52)
at org.testng.SuiteRunnerWorker.run(SuiteRunnerWorker.java:95)
at org.testng.TestNG.runSuitesSequentially(TestNG.java:1256)
at org.testng.TestNG.runSuitesLocally(TestNG.java:1176)
at org.testng.TestNG.runSuites(TestNG.java:1099)
at org.testng.TestNG.run(TestNG.java:1067)
at org.testng.remote.AbstractRemoteTestNG.run(AbstractRemoteTestNG.java:115)
at org.testng.remote.RemoteTestNG.initAndRun(RemoteTestNG.java:251)
at org.testng.remote.RemoteTestNG.main(RemoteTestNG.java:77)
]]>
            </full-stacktrace>
          </exception> <!-- java.lang.AssertionError -->
          <reporter-output>
          </reporter-output>
        </test-method> <!-- verifyPlaintiffStateOfFiling -->
        <test-method is-config="true" signature="tearDown(org.testng.ITestResult)[pri:0, instance:com.automation.testcases.ValidatePlaintiffInfo@6302bbb1]" started-at="2023-02-21T21:45:28 IST" name="tearDown" finished-at="2023-02-21T21:45:29 IST" duration-ms="303" status="PASS">
          <params>
            <param index="0">
              <value>
                <![CDATA[[TestResult name=verifyPlaintiffStateOfFiling status=FAILURE method=ValidatePlaintiffInfo.verifyPlaintiffStateOfFiling()[pri:0, instance:com.automation.testcases.ValidatePlaintiffInfo@6302bbb1] output={null}]]]>
              </value>
            </param>
          </params>
          <reporter-output>
          </reporter-output>
        </test-method> <!-- tearDown -->
      </class> <!-- com.automation.testcases.ValidatePlaintiffInfo -->
    </test> <!-- Default test -->
  </suite> <!-- Default suite -->
</testng-results>
